app/build/outputs/logs/manifest-merger-debug-report.txt
-- Merging decision tree log ---
manifest
ADDED from src\main\AndroidManifest.xml:2:1-19:12
	package
		ADDED from src\main\AndroidManifest.xml:3:52-86
		INJECTED from src\main\AndroidManifest.xml
		INJECTED from src\main\AndroidManifest.xml
	android:versionName
		ADDED from src\main\AndroidManifest.xml:3:26-51
		INJECTED from src\main\AndroidManifest.xml
		INJECTED from src\main\AndroidManifest.xml
	android:versionCode
		ADDED from src\main\AndroidManifest.xml:3:2-25
		INJECTED from src\main\AndroidManifest.xml
		INJECTED from src\main\AndroidManifest.xml
	xmlns:android
		ADDED from src\main\AndroidManifest.xml:2:11-69
application
ADDED from src\main\AndroidManifest.xml:6:2-18:16
	android:label
		ADDED from src\main\AndroidManifest.xml:6:45-77
	android:icon
		ADDED from src\main\AndroidManifest.xml:6:15-44
activity#me.groix.android.picross.Game
ADDED from src\main\AndroidManifest.xml:8:3-9:14
	android:label
		ADDED from src\main\AndroidManifest.xml:8:34-66
	android:name
		ADDED from src\main\AndroidManifest.xml:8:13-33
activity#me.groix.android.picross.ListePuzzle
ADDED from src\main\AndroidManifest.xml:10:3-16:14
	android:label
		ADDED from src\main\AndroidManifest.xml:10:41-73
	android:name
		ADDED from src\main\AndroidManifest.xml:10:13-40
intent-filter#android.intent.action.MAIN+android.intent.category.LAUNCHER
ADDED from src\main\AndroidManifest.xml:11:4-14:20
action#android.intent.action.MAIN
ADDED from src\main\AndroidManifest.xml:12:5-57
	android:name
		ADDED from src\main\AndroidManifest.xml:12:13-54
category#android.intent.category.LAUNCHER
ADDED from src\main\AndroidManifest.xml:13:5-65
	android:name
		ADDED from src\main\AndroidManifest.xml:13:15-62